<?xml version="1.0" encoding="UTF-8"?>
<testng-results ignored="0" total="1" passed="1" failed="0" skipped="0">
  <reporter-output>
  </reporter-output>
  <suite started-at="2021-07-14T08:21:50 IST" name="Default suite" finished-at="2021-07-14T08:21:51 IST" duration-ms="1787">
    <groups>
    </groups>
    <test started-at="2021-07-14T08:21:50 IST" name="Default test" finished-at="2021-07-14T08:21:51 IST" duration-ms="1787">
      <class name="com.extent.ExtentTest2">
        <test-method signature="Test()[pri:0, instance:com.extent.ExtentTest2@53aad5d5]" started-at="2021-07-14T08:21:50 IST" name="Test" finished-at="2021-07-14T08:21:51 IST" duration-ms="1733" status="PASS">
          <reporter-output>
          </reporter-output>
        </test-method> <!-- Test -->
      </class> <!-- com.extent.ExtentTest2 -->
    </test> <!-- Default test -->
  </suite> <!-- Default suite -->
</testng-results>
